14:11:34,342 [main] DEBUG encoding.SDKSerializerFactory   - Initializing SDKSerializerFactory for class:class gov.nih.nci.caarray.domain.protocol.ProtocolApplication and QName:{gme://caCORE.cabig/3.2/gov.nih.nci.caarray.domain.protocol}ProtocolApplication 
14:11:34,358 [main] DEBUG ncoding.SDKDeserializerFactory  - Initializing SDKDeserializerFactory for class:class gov.nih.nci.caarray.domain.protocol.ProtocolApplication and QName:{gme://caCORE.cabig/3.2/gov.nih.nci.caarray.domain.protocol}ProtocolApplication 
14:11:34,358 [main] DEBUG encoding.SDKSerializerFactory   - Initializing SDKSerializerFactory for class:class gov.nih.nci.caarray.domain.protocol.Protocol and QName:{gme://caCORE.cabig/3.2/gov.nih.nci.caarray.domain.protocol}Protocol 
14:11:34,358 [main] DEBUG ncoding.SDKDeserializerFactory  - Initializing SDKDeserializerFactory for class:class gov.nih.nci.caarray.domain.protocol.Protocol and QName:{gme://caCORE.cabig/3.2/gov.nih.nci.caarray.domain.protocol}Protocol 
14:11:34,358 [main] DEBUG encoding.SDKSerializerFactory   - Initializing SDKSerializerFactory for class:class gov.nih.nci.caarray.domain.protocol.Parameter and QName:{gme://caCORE.cabig/3.2/gov.nih.nci.caarray.domain.protocol}Parameter 
14:11:34,358 [main] DEBUG ncoding.SDKDeserializerFactory  - Initializing SDKDeserializerFactory for class:class gov.nih.nci.caarray.domain.protocol.Parameter and QName:{gme://caCORE.cabig/3.2/gov.nih.nci.caarray.domain.protocol}Parameter 
14:11:34,358 [main] DEBUG encoding.SDKSerializerFactory   - Initializing SDKSerializerFactory for class:class gov.nih.nci.caarray.domain.vocabulary.Source and QName:{gme://caCORE.cabig/3.2/gov.nih.nci.caarray.domain.vocabulary}Source 
14:11:34,358 [main] DEBUG ncoding.SDKDeserializerFactory  - Initializing SDKDeserializerFactory for class:class gov.nih.nci.caarray.domain.vocabulary.Source and QName:{gme://caCORE.cabig/3.2/gov.nih.nci.caarray.domain.vocabulary}Source 
14:11:34,373 [main] DEBUG encoding.SDKSerializerFactory   - Initializing SDKSerializerFactory for class:class gov.nih.nci.caarray.domain.protocol.ParameterValue and QName:{gme://caCORE.cabig/3.2/gov.nih.nci.caarray.domain.protocol}ParameterValue 
14:11:34,373 [main] DEBUG ncoding.SDKDeserializerFactory  - Initializing SDKDeserializerFactory for class:class gov.nih.nci.caarray.domain.protocol.ParameterValue and QName:{gme://caCORE.cabig/3.2/gov.nih.nci.caarray.domain.protocol}ParameterValue 
14:11:34,373 [main] DEBUG encoding.SDKSerializerFactory   - Initializing SDKSerializerFactory for class:class gov.nih.nci.caarray.domain.vocabulary.Accession and QName:{gme://caCORE.cabig/3.2/gov.nih.nci.caarray.domain.vocabulary}Accession 
14:11:34,373 [main] DEBUG ncoding.SDKDeserializerFactory  - Initializing SDKDeserializerFactory for class:class gov.nih.nci.caarray.domain.vocabulary.Accession and QName:{gme://caCORE.cabig/3.2/gov.nih.nci.caarray.domain.vocabulary}Accession 
14:11:34,452 [main] DEBUG encoding.SDKSerializerFactory   - Initializing SDKSerializerFactory for class:class gov.nih.nci.caarray.domain.AbstractCaArrayEntity and QName:{gme://caCORE.cabig/3.2/gov.nih.nci.caarray.domain}AbstractCaArrayEntity 
14:11:34,452 [main] DEBUG ncoding.SDKDeserializerFactory  - Initializing SDKDeserializerFactory for class:class gov.nih.nci.caarray.domain.AbstractCaArrayEntity and QName:{gme://caCORE.cabig/3.2/gov.nih.nci.caarray.domain}AbstractCaArrayEntity 
14:11:34,655 [main] DEBUG encoding.SDKSerializerFactory   - Initializing SDKSerializerFactory for class:class gov.nih.nci.caarray.domain.vocabulary.Term and QName:{gme://caCORE.cabig/3.2/gov.nih.nci.caarray.domain.vocabulary}Term 
14:11:34,655 [main] DEBUG ncoding.SDKDeserializerFactory  - Initializing SDKDeserializerFactory for class:class gov.nih.nci.caarray.domain.vocabulary.Term and QName:{gme://caCORE.cabig/3.2/gov.nih.nci.caarray.domain.vocabulary}Term 
14:11:34,670 [main] DEBUG encoding.SDKSerializerFactory   - Initializing SDKSerializerFactory for class:class gov.nih.nci.caarray.domain.vocabulary.Category and QName:{gme://caCORE.cabig/3.2/gov.nih.nci.caarray.domain.vocabulary}Category 
14:11:34,670 [main] DEBUG ncoding.SDKDeserializerFactory  - Initializing SDKDeserializerFactory for class:class gov.nih.nci.caarray.domain.vocabulary.Category and QName:{gme://caCORE.cabig/3.2/gov.nih.nci.caarray.domain.vocabulary}Category 
14:11:38,014 [main] DEBUG encoding.EncodingUtils          - Loading castor mapping from message context property[castorMapping] 
14:11:38,014 [main] DEBUG encoding.EncodingUtils          - Unable to loading Mapping from cache for location:/gov/nih/nci/cagrid/caarray/xml-mapping.xml 
14:11:38,014 [main] DEBUG encoding.EncodingUtils          - Attempting to load mapping from mapping location:/gov/nih/nci/cagrid/caarray/xml-mapping.xml 
14:11:38,217 [main] ERROR encoding.EncodingUtils          - Problem with mapping! 
14:11:38,217 [main] DEBUG encoding.EncodingUtils          - Loading castor mapping from message context property[castorMapping] 
14:11:38,217 [main] DEBUG encoding.EncodingUtils          - Unable to loading Mapping from cache for location:/gov/nih/nci/cagrid/caarray/xml-mapping.xml 
14:11:38,217 [main] DEBUG encoding.EncodingUtils          - Attempting to load mapping from mapping location:/gov/nih/nci/cagrid/caarray/xml-mapping.xml 
14:11:38,249 [main] ERROR encoding.EncodingUtils          - Problem with mapping! 
14:11:38,280 [main] DEBUG encoding.EncodingUtils          - Loading castor mapping from message context property[castorMapping] 
14:11:38,280 [main] DEBUG encoding.EncodingUtils          - Unable to loading Mapping from cache for location:/gov/nih/nci/cagrid/caarray/xml-mapping.xml 
14:11:38,280 [main] DEBUG encoding.EncodingUtils          - Attempting to load mapping from mapping location:/gov/nih/nci/cagrid/caarray/xml-mapping.xml 
14:11:38,311 [main] ERROR encoding.EncodingUtils          - Problem with mapping! 
14:11:38,311 [main] DEBUG encoding.EncodingUtils          - Loading castor mapping from message context property[castorMapping] 
14:11:38,311 [main] DEBUG encoding.EncodingUtils          - Unable to loading Mapping from cache for location:/gov/nih/nci/cagrid/caarray/xml-mapping.xml 
14:11:38,311 [main] DEBUG encoding.EncodingUtils          - Attempting to load mapping from mapping location:/gov/nih/nci/cagrid/caarray/xml-mapping.xml 
14:11:38,342 [main] ERROR encoding.EncodingUtils          - Problem with mapping! 
14:11:38,358 [main] DEBUG encoding.EncodingUtils          - Loading castor mapping from message context property[castorMapping] 
14:11:38,358 [main] DEBUG encoding.EncodingUtils          - Unable to loading Mapping from cache for location:/gov/nih/nci/cagrid/caarray/xml-mapping.xml 
14:11:38,358 [main] DEBUG encoding.EncodingUtils          - Attempting to load mapping from mapping location:/gov/nih/nci/cagrid/caarray/xml-mapping.xml 
14:11:38,389 [main] ERROR encoding.EncodingUtils          - Problem with mapping! 
14:11:38,405 [main] DEBUG encoding.EncodingUtils          - Loading castor mapping from message context property[castorMapping] 
14:11:38,405 [main] DEBUG encoding.EncodingUtils          - Unable to loading Mapping from cache for location:/gov/nih/nci/cagrid/caarray/xml-mapping.xml 
14:11:38,405 [main] DEBUG encoding.EncodingUtils          - Attempting to load mapping from mapping location:/gov/nih/nci/cagrid/caarray/xml-mapping.xml 
